<?xml version="1.0" encoding="UTF-8"?>
<testsuite xmlns:xsi="http://www.w3.org/2001/XMLSchema-instance" xsi:noNamespaceSchemaLocation="https://maven.apache.org/surefire/maven-surefire-plugin/xsd/surefire-test-report.xsd" version="3.0.2" name="com.Shopping.Shopping.ShoppingApplicationTests" time="14.371" tests="1" errors="0" skipped="0" failures="0">
  <properties>
[...]
</properties>
  <testcase name="contextLoads" classname="com.Shopping.Shopping.ShoppingApplicationTests" time="0.044">
    <system-out><![CDATA[13:55:02.161 [main] INFO org.springframework.test.context.support.AnnotationConfigContextLoaderUtils -- Could not detect default configuration classes for test class [com.Shopping.Shopping.ShoppingApplicationTests]: ShoppingApplicationTests does not declare any static, non-private, non-final, nested classes annotated with @Configuration.
13:55:02.424 [main] INFO org.springframework.boot.test.context.SpringBootTestContextBootstrapper -- Found @SpringBootConfiguration com.Shopping.Shopping.ShoppingApplication for test class com.Shopping.Shopping.ShoppingApplicationTests
13:55:03.008 [main] INFO org.springframework.boot.devtools.restart.RestartApplicationListener -- Restart disabled due to context in which it is running

  .   ____          _            __ _ _
 /\\ / ___'_ __ _ _(_)_ __  __ _ \ \ \ \
( ( )\___ | '_ | '_| | '_ \/ _` | \ \ \ \
 \\/  ___)| |_)| | | | | || (_| |  ) ) ) )
  '  |____| .__|_| |_|_| |_\__, | / / / /
 =========|_|==============|___/=/_/_/_/

 :: Spring Boot ::                (v3.4.4)

2025-11-08T13:55:03.911+05:30  WARN 29720 --- [Shopping] [           main] ory$DuplicateJsonObjectContextCustomizer : 

Found multiple occurrences of org.json.JSONObject on the class path:

	jar:file:/C:/Users/AdisheshaR(G10XIND)/.m2/repository/org/json/json/20231013/json-20231013.jar!/org/json/JSONObject.class
	jar:file:/C:/Users/AdisheshaR(G10XIND)/.m2/repository/com/vaadin/external/google/android-json/0.0.20131108.vaadin1/android-json-0.0.20131108.vaadin1.jar!/org/json/JSONObject.class

You may wish to exclude one of them to ensure predictable runtime behavior

2025-11-08T13:55:03.987+05:30  INFO 29720 --- [Shopping] [           main] c.S.Shopping.ShoppingApplicationTests    : Starting ShoppingApplicationTests using Java 17.0.17 with PID 29720 (started by AdisheshaR(G10XIND) in C:\Users\AdisheshaR(G10XIND)\OneDrive - G10X Technology Private Limited\Project\razorpay-main\razorpay-main\shopping)
2025-11-08T13:55:03.990+05:30  INFO 29720 --- [Shopping] [           main] c.S.Shopping.ShoppingApplicationTests    : No active profile set, falling back to 1 default profile: "default"
2025-11-08T13:55:05.813+05:30  INFO 29720 --- [Shopping] [           main] .s.d.r.c.RepositoryConfigurationDelegate : Bootstrapping Spring Data JPA repositories in DEFAULT mode.
2025-11-08T13:55:05.999+05:30  INFO 29720 --- [Shopping] [           main] .s.d.r.c.RepositoryConfigurationDelegate : Finished Spring Data repository scanning in 152 ms. Found 4 JPA repository interfaces.
2025-11-08T13:55:07.519+05:30  INFO 29720 --- [Shopping] [           main] o.hibernate.jpa.internal.util.LogHelper  : HHH000204: Processing PersistenceUnitInfo [name: default]
2025-11-08T13:55:07.712+05:30  INFO 29720 --- [Shopping] [           main] org.hibernate.Version                    : HHH000412: Hibernate ORM core version 6.6.11.Final
2025-11-08T13:55:07.844+05:30  INFO 29720 --- [Shopping] [           main] o.h.c.internal.RegionFactoryInitiator    : HHH000026: Second-level cache disabled
2025-11-08T13:55:08.096+05:30  INFO 29720 --- [Shopping] [           main] o.s.o.j.p.SpringPersistenceUnitInfo      : No LoadTimeWeaver setup: ignoring JPA class transformer
2025-11-08T13:55:08.161+05:30  INFO 29720 --- [Shopping] [           main] com.zaxxer.hikari.HikariDataSource       : HikariPool-1 - Starting...
2025-11-08T13:55:08.367+05:30  INFO 29720 --- [Shopping] [           main] com.zaxxer.hikari.pool.HikariPool        : HikariPool-1 - Added connection conn0: url=jdbc:h2:file:./data/shopping_db user=SA
2025-11-08T13:55:08.373+05:30  INFO 29720 --- [Shopping] [           main] com.zaxxer.hikari.HikariDataSource       : HikariPool-1 - Start completed.
2025-11-08T13:55:08.425+05:30  WARN 29720 --- [Shopping] [           main] org.hibernate.orm.deprecation            : HHH90000025: H2Dialect does not need to be specified explicitly using 'hibernate.dialect' (remove the property setting and it will be selected by default)
2025-11-08T13:55:08.477+05:30  INFO 29720 --- [Shopping] [           main] org.hibernate.orm.connections.pooling    : HHH10001005: Database info:
	Database JDBC URL [Connecting through datasource 'HikariDataSource (HikariPool-1)']
	Database driver: undefined/unknown
	Database version: 2.3.232
	Autocommit mode: undefined/unknown
	Isolation level: undefined/unknown
	Minimum pool size: undefined/unknown
	Maximum pool size: undefined/unknown
2025-11-08T13:55:09.977+05:30  INFO 29720 --- [Shopping] [           main] o.h.e.t.j.p.i.JtaPlatformInitiator       : HHH000489: No JTA platform available (set 'hibernate.transaction.jta.platform' to enable JTA platform integration)
2025-11-08T13:55:10.087+05:30  INFO 29720 --- [Shopping] [           main] j.LocalContainerEntityManagerFactoryBean : Initialized JPA EntityManagerFactory for persistence unit 'default'
2025-11-08T13:55:11.067+05:30  INFO 29720 --- [Shopping] [           main] o.s.d.j.r.query.QueryEnhancerFactory     : Hibernate is in classpath; If applicable, HQL parser will be used.
2025-11-08T13:55:13.470+05:30  WARN 29720 --- [Shopping] [           main] JpaBaseConfiguration$JpaWebConfiguration : spring.jpa.open-in-view is enabled by default. Therefore, database queries may be performed during view rendering. Explicitly configure spring.jpa.open-in-view to disable this warning
2025-11-08T13:55:13.750+05:30  INFO 29720 --- [Shopping] [           main] eAuthenticationProviderManagerConfigurer : Found 2 AuthenticationProvider beans, with names [userAuthProvider, sellerAuthProvider]. Global Authentication Manager will not be configured with AuthenticationProviders. Consider publishing a single AuthenticationProvider bean, or wiring your Providers directly using the DSL.
2025-11-08T13:55:13.753+05:30  WARN 29720 --- [Shopping] [           main] r$InitializeUserDetailsManagerConfigurer : Found 2 UserDetailsService beans, with names [sellerDetailsService, userDetailsServiceImpl]. Global Authentication Manager will not use a UserDetailsService for username/password login. Consider publishing a single UserDetailsService bean.
2025-11-08T13:55:13.974+05:30  INFO 29720 --- [Shopping] [           main] o.s.b.a.w.s.WelcomePageHandlerMapping    : Adding welcome page template: index
2025-11-08T13:55:15.727+05:30  INFO 29720 --- [Shopping] [           main] o.s.b.a.h2.H2ConsoleAutoConfiguration    : H2 console available at '/h2-console'. Database available at 'jdbc:h2:file:./data/shopping_db'
2025-11-08T13:55:16.077+05:30  INFO 29720 --- [Shopping] [           main] c.S.Shopping.ShoppingApplicationTests    : Started ShoppingApplicationTests in 13.11 seconds (process running for 19.251)
]]></system-out>
  </testcase>
</testsuite>