<?xml version="1.0" encoding="UTF-8"?>
<testsuite xmlns:xsi="http://www.w3.org/2001/XMLSchema-instance" xsi:noNamespaceSchemaLocation="https://maven.apache.org/surefire/maven-surefire-plugin/xsd/surefire-test-report.xsd" version="3.0.2" name="com.Shopping.Shopping.service.ProductServiceTest" time="3.501" tests="5" errors="0" skipped="0" failures="0">
  <properties>
[...]
</properties>
  <testcase name="testGetProductByIdNotFound" classname="com.Shopping.Shopping.service.ProductServiceTest" time="3.198">
    <system-out><![CDATA[13:55:01.200 [main] INFO com.Shopping.Shopping.service.ProductService -- === GET PRODUCT BY ID METHOD STARTED ===
13:55:01.211 [main] INFO com.Shopping.Shopping.service.ProductService -- Requested product ID: 2
13:55:01.227 [main] WARN com.Shopping.Shopping.service.ProductService -- Product not found for ID: 2
13:55:01.227 [main] INFO com.Shopping.Shopping.service.ProductService -- === GET PRODUCT BY ID METHOD COMPLETED - PRODUCT NOT FOUND ===
]]></system-out>
  </testcase>
  <testcase name="testSaveProductSuccessfully" classname="com.Shopping.Shopping.service.ProductServiceTest" time="0.102">
    <system-out><![CDATA[13:55:01.582 [main] INFO com.Shopping.Shopping.service.ProductService -- === SAVE PRODUCT METHOD STARTED ===
13:55:01.583 [main] INFO com.Shopping.Shopping.service.ProductService -- Product details - Name: 'Test Product', Description: 'null', Price: 0.0
13:55:01.583 [main] INFO com.Shopping.Shopping.service.ProductService -- Upload directory: C:\Users\ADISHE~1\AppData\Local\Temp\
13:55:01.585 [main] INFO com.Shopping.Shopping.service.ProductService -- Processing image file - Name: 'image.png', Size: 0 bytes, Content Type: 'null'
13:55:01.591 [main] INFO com.Shopping.Shopping.service.ProductService -- Saving image to: C:\Users\ADISHE~1\AppData\Local\Temp\600cfdd4-dce1-49bd-93e3-87d891320888.png
13:55:01.608 [main] INFO com.Shopping.Shopping.service.ProductService -- Image saved successfully with name: 600cfdd4-dce1-49bd-93e3-87d891320888.png
13:55:01.609 [main] INFO com.Shopping.Shopping.service.ProductService -- Saving product to database...
13:55:01.610 [main] INFO com.Shopping.Shopping.service.ProductService -- Product saved successfully with ID: 1
13:55:01.611 [main] INFO com.Shopping.Shopping.service.ProductService -- === SAVE PRODUCT METHOD COMPLETED SUCCESSFULLY ===
]]></system-out>
  </testcase>
  <testcase name="testGetProductByIdFound" classname="com.Shopping.Shopping.service.ProductServiceTest" time="0.018">
    <system-out><![CDATA[13:55:01.647 [main] INFO com.Shopping.Shopping.service.ProductService -- === GET PRODUCT BY ID METHOD STARTED ===
13:55:01.648 [main] INFO com.Shopping.Shopping.service.ProductService -- Requested product ID: 1
13:55:01.649 [main] INFO com.Shopping.Shopping.service.ProductService -- Product found - ID: 1, Name: 'Test Product', Price: 0.0
13:55:01.649 [main] INFO com.Shopping.Shopping.service.ProductService -- === GET PRODUCT BY ID METHOD COMPLETED SUCCESSFULLY ===
]]></system-out>
  </testcase>
  <testcase name="testSearchProducts" classname="com.Shopping.Shopping.service.ProductServiceTest" time="0.086">
    <system-out><![CDATA[13:55:01.669 [main] INFO com.Shopping.Shopping.service.ProductService -- === SEARCH PRODUCTS METHOD STARTED ===
13:55:01.669 [main] INFO com.Shopping.Shopping.service.ProductService -- Search keyword: 'test'
13:55:01.670 [main] INFO com.Shopping.Shopping.service.ProductService -- Search completed. Found 1 products for keyword: 'test'
13:55:01.671 [main] INFO com.Shopping.Shopping.service.ProductService -- === SEARCH PRODUCTS METHOD COMPLETED SUCCESSFULLY ===
]]></system-out>
  </testcase>
  <testcase name="testGetAllProducts" classname="com.Shopping.Shopping.service.ProductServiceTest" time="0.024">
    <system-out><![CDATA[13:55:01.756 [main] INFO com.Shopping.Shopping.service.ProductService -- === GET ALL PRODUCTS METHOD STARTED ===
13:55:01.757 [main] INFO com.Shopping.Shopping.service.ProductService -- Successfully retrieved 1 products from database
13:55:01.757 [main] INFO com.Shopping.Shopping.service.ProductService -- === GET ALL PRODUCTS METHOD COMPLETED SUCCESSFULLY ===
]]></system-out>
  </testcase>
</testsuite>